[    8012ms] [INFO] %cDownload the React DevTools for a better development experience: https://reactjs.org/link/react-devtools font-weight:bold @ http://localhost:5179/node_modules/.vite/deps/chunk-OA6MRQHE.js?v=853f5a29:21608
[    8542ms] [ERROR] Failed to load resource: the server responded with a status of 404 (Not Found) @ http://localhost:5179/favicon.ico:0
[  161797ms] [LOG] [vite] server connection lost. Polling for restart... @ http://localhost:5179/@vite/client:963
[  161800ms] [ERROR] WebSocket connection to 'ws://localhost:5179/' failed: Error in connection establishment: net::ERR_NETWORK_IO_SUSPENDED @ http://localhost:5179/@vite/client:1034
[  427249ms] [ERROR] Failed to load resource: net::ERR_NETWORK_CHANGED @ http://localhost:5179/src/app/screens/Journey.tsx:0
[  427285ms] [ERROR] Failed to load resource: net::ERR_NETWORK_CHANGED @ http://localhost:5179/src/app/screens/Month.tsx:0
[  427285ms] [ERROR] Failed to load resource: net::ERR_NETWORK_CHANGED @ http://localhost:5179/src/app/screens/Cashflow.tsx:0
[  427286ms] [ERROR] Failed to load resource: net::ERR_NETWORK_CHANGED @ http://localhost:5179/src/app/screens/Scenarios.tsx:0
[  427286ms] [ERROR] Failed to load resource: net::ERR_NETWORK_CHANGED @ http://localhost:5179/src/app/screens/Celebrate.tsx:0
[  427286ms] [ERROR] Failed to load resource: net::ERR_NETWORK_CHANGED @ http://localhost:5179/src/app/screens/Progress.tsx:0
[  427286ms] [ERROR] Failed to load resource: net::ERR_NETWORK_CHANGED @ http://localhost:5179/src/app/screens/Auth.tsx:0
[  427286ms] [ERROR] Failed to load resource: net::ERR_NETWORK_CHANGED @ http://localhost:5179/src/app/screens/Settings.tsx:0
[  427286ms] [ERROR] Failed to load resource: net::ERR_NETWORK_CHANGED @ http://localhost:5179/src/app/components/Sidebar.tsx:0
[  427287ms] [ERROR] Failed to load resource: net::ERR_NETWORK_CHANGED @ http://localhost:5179/src/app/components/PennyPanel.tsx:0
[  427287ms] [ERROR] Failed to load resource: net::ERR_NETWORK_CHANGED @ http://localhost:5179/src/app/components/DemoControlPanel.tsx:0
[  427287ms] [ERROR] Failed to load resource: net::ERR_NETWORK_CHANGED @ http://localhost:5179/src/app/components/PdfExportOverlay.tsx:0
[  427287ms] [ERROR] Failed to load resource: net::ERR_NETWORK_CHANGED @ http://localhost:5179/src/lib/store.ts:0
[  427288ms] [ERROR] Failed to load resource: net::ERR_NETWORK_CHANGED @ http://localhost:5179/src/lib/auth-store.ts:0
[  427288ms] [ERROR] Failed to load resource: net::ERR_NETWORK_CHANGED @ http://localhost:5179/src/lib/cloud-sync.ts:0
[  427288ms] [ERROR] Failed to load resource: net::ERR_NETWORK_CHANGED @ http://localhost:5179/src/lib/format.ts:0
[  427288ms] [ERROR] Failed to load resource: net::ERR_NETWORK_CHANGED @ http://localhost:5179/src/lib/theme.ts:0
[  427313ms] [ERROR] Failed to load resource: net::ERR_NETWORK_CHANGED @ http://localhost:5179/src/app/components/PageTransition.tsx:0
[  427315ms] [ERROR] Failed to load resource: net::ERR_NETWORK_CHANGED @ http://localhost:5179/src/app/components/ErrorBoundary.tsx:0
[  427316ms] [ERROR] Failed to load resource: net::ERR_NETWORK_CHANGED @ http://localhost:5179/src/app/components/ScrollToTop.tsx:0
